c:\projects\cs material and snippets\artificial intelligence\assignments\hw1\main\debug\vc143.pdb
c:\projects\cs material and snippets\artificial intelligence\assignments\hw1\main\debug\vc143.idb
c:\projects\cs material and snippets\artificial intelligence\assignments\hw1\main\debug\main.obj
c:\projects\cs material and snippets\artificial intelligence\assignments\hw2\main\debug\vc143.pdb
c:\projects\cs material and snippets\artificial intelligence\assignments\hw2\main\debug\vc143.idb
c:\projects\cs material and snippets\artificial intelligence\assignments\hw2\main\debug\main.obj
c:\projects\cs material and snippets\artificial intelligence\final project\main\debug\vc143.pdb
c:\projects\cs material and snippets\artificial intelligence\final project\main\debug\vc143.idb
c:\projects\cs material and snippets\artificial intelligence\final project\main\debug\main.obj
c:\projects\cs material and snippets\artificial intelligence\assignments\hw1\debug\main.exe
c:\projects\cs material and snippets\artificial intelligence\assignments\hw1\main\debug\main.ilk
c:\projects\cs material and snippets\artificial intelligence\assignments\hw1\debug\main.pdb
c:\projects\cs material and snippets\artificial intelligence\assignments\hw2\main\debug\main.ilk
c:\projects\cs material and snippets\artificial intelligence\assignments\hw2\debug\main.exe
c:\projects\cs material and snippets\artificial intelligence\assignments\hw2\debug\main.pdb
c:\projects\cs material and snippets\artificial intelligence\final project\debug\main.exe
c:\projects\cs material and snippets\artificial intelligence\final project\main\debug\main.ilk
c:\projects\cs material and snippets\artificial intelligence\final project\debug\main.pdb
c:\projects\cs material and snippets\artificial intelligence\final project\main\debug\main.obj.enc
c:\projects\cs material and snippets\artificial intelligence\final project\main\debug\vc142.idb
c:\projects\cs material and snippets\artificial intelligence\final project\main\debug\vc142.pdb
c:\projects\cs material and snippets\artificial intelligence\final project\main\debug\main.tlog\cl.command.1.tlog
c:\projects\cs material and snippets\artificial intelligence\final project\main\debug\main.tlog\cl.read.1.tlog
c:\projects\cs material and snippets\artificial intelligence\final project\main\debug\main.tlog\cl.write.1.tlog
c:\projects\cs material and snippets\artificial intelligence\final project\main\debug\main.tlog\link.command.1.tlog
c:\projects\cs material and snippets\artificial intelligence\final project\main\debug\main.tlog\link.read.1.tlog
c:\projects\cs material and snippets\artificial intelligence\final project\main\debug\main.tlog\link.write.1.tlog
